[2025-10-06 17:09:43] [INFO ] SERVER Logger initialized - file: logs/SERVER.log
[2025-10-06 17:09:43] [INFO ] Server hazardous.irc.serv start at port :2222
[2025-10-06 17:09:47] [DEBUG] Server::start --> event(s) detected on socket 1
[2025-10-06 17:09:48] [DEBUG] Server::start --> event(s) detected on socket 1
[2025-10-06 17:09:48] [DEBUG] Server::_handle_client_input
[2025-10-06 17:09:48] [DEBUG] Server::_handle_client_input --> client read buffer: 
CAP LS 302
PASS nilpolack

[2025-10-06 17:09:48] [DEBUG] Server::add_envents_of --> POLLOUT on index: 1
[2025-10-06 17:09:48] [DEBUG] Server::_handle_command --> executing command
[2025-10-06 17:09:48] [DEBUG] Server::start --> event(s) detected on socket 1
[2025-10-06 17:09:48] [DEBUG] Server::_handle_client_input
[2025-10-06 17:09:48] [DEBUG] Server::_handle_client_input --> client read buffer: 
USER userSec 0 * :text2

[2025-10-06 17:09:48] [DEBUG] Server::_handle_command --> executing command
[2025-10-06 17:09:48] [DEBUG] Server::start --> event(s) detected on socket 1
[2025-10-06 17:09:48] [INFO ] Server::_handle_client_output
[2025-10-06 17:09:48] [INFO ] Server::_handle_client_output --> Client send buffer: 
421 :Command is not handled (sorry guys) CAP LS 302

[2025-10-06 17:09:48] [INFO ] Server::_handle_client_output --> Message sent, unsuscribe from POLLOUT
[2025-10-06 17:09:49] [DEBUG] Server::start --> event(s) detected on socket 1
[2025-10-06 17:09:49] [DEBUG] Server::start --> event(s) detected on socket 1
[2025-10-06 17:09:49] [DEBUG] Server::_handle_client_input
[2025-10-06 17:09:49] [DEBUG] Server::_handle_client_input --> client read buffer: 
CAP LS 302
PASS nilpolack

[2025-10-06 17:09:49] [DEBUG] Server::add_envents_of --> POLLOUT on index: 2
[2025-10-06 17:09:49] [DEBUG] Server::_handle_command --> executing command
[2025-10-06 17:09:49] [DEBUG] Server::start --> event(s) detected on socket 1
[2025-10-06 17:09:49] [DEBUG] Server::_handle_client_input
[2025-10-06 17:09:49] [DEBUG] Server::_handle_client_input --> client read buffer: 
NICK first
USER userfir 0 * :text1

[2025-10-06 17:09:49] [DEBUG] Server::_handle_command --> executing command
[2025-10-06 17:09:49] [DEBUG] Server::_handle_command --> executing command
[2025-10-06 17:09:49] [DEBUG] Server::add_envents_of --> POLLOUT on index: 2
[2025-10-06 17:09:49] [DEBUG] Server::start --> event(s) detected on socket 1
[2025-10-06 17:09:49] [INFO ] Server::_handle_client_output
[2025-10-06 17:09:49] [INFO ] Server::_handle_client_output --> Client send buffer: 
421 :Command is not handled (sorry guys) CAP LS 302
:hazardous.irc.serv 001 first :Welcome to the IRC HazADoU& SerVerRrrr

[2025-10-06 17:09:49] [INFO ] Server::_handle_client_output --> Message sent, unsuscribe from POLLOUT
[2025-10-06 17:09:49] [DEBUG] Server::start --> event(s) detected on socket 1
[2025-10-06 17:09:49] [DEBUG] Server::_handle_client_input
[2025-10-06 17:09:49] [DEBUG] Server::_handle_client_input --> client read buffer: 
JOIN #TETE

[2025-10-06 17:09:49] [DEBUG] Server::_handle_command --> executing command
[2025-10-06 17:09:49] [DEBUG] Server::add_envents_of --> POLLOUT on index: 2
[2025-10-06 17:09:49] [DEBUG] Server::add_envents_of --> POLLOUT on index: 2
[2025-10-06 17:09:49] [DEBUG] Server::add_envents_of --> POLLOUT on index: 2
[2025-10-06 17:09:49] [DEBUG] Server::add_envents_of --> POLLOUT on index: 2
[2025-10-06 17:09:49] [DEBUG] Server::add_envents_of --> POLLOUT on index: 2
[2025-10-06 17:09:49] [DEBUG] Server::start --> event(s) detected on socket 1
[2025-10-06 17:09:49] [INFO ] Server::_handle_client_output
[2025-10-06 17:09:49] [INFO ] Server::_handle_client_output --> Client send buffer: 
:first!userfir@hazardous.irc.serv JOIN :#TETE
:hazardous.irc.serv MODE #TETE +o first
:hazardous.irc.serv 331 first #TETE :No topic is set
:hazardous.irc.serv 353 first = @first  :first
:hazardous.irc.serv 366 first #TETE :End of NAMES list

[2025-10-06 17:09:49] [INFO ] Server::_handle_client_output --> Message sent, unsuscribe from POLLOUT
[2025-10-06 17:09:49] [DEBUG] Server::start --> event(s) detected on socket 1
[2025-10-06 17:09:49] [DEBUG] Server::_handle_client_input
[2025-10-06 17:09:49] [DEBUG] Server::_handle_client_input --> client read buffer: 
MODE #TETE

[2025-10-06 17:09:56] [DEBUG] Server::start --> event(s) detected on socket 1
[2025-10-06 17:09:56] [DEBUG] Server::_handle_client_input
[2025-10-06 17:09:56] [DEBUG] Server::_handle_client_input --> client read buffer: 
PRIVMSG #TETE :hello

[2025-10-06 17:09:56] [DEBUG] Server::_handle_command --> executing command
[2025-10-06 17:10:02] [DEBUG] Server::start --> event(s) detected on socket 1
[2025-10-06 17:10:02] [DEBUG] connection has been closed by client
[2025-10-06 17:10:02] [DEBUG] cleanup: deleting client
[2025-10-06 17:10:03] [DEBUG] Server::start --> event(s) detected on socket 1
[2025-10-06 17:10:03] [DEBUG] Server::start --> event(s) detected on socket 1
[2025-10-06 17:10:03] [DEBUG] Server::_handle_client_input
[2025-10-06 17:10:03] [DEBUG] Server::_handle_client_input --> client read buffer: 
CAP LS 302
PASS nilpolack

[2025-10-06 17:10:03] [DEBUG] Server::add_envents_of --> POLLOUT on index: 2
[2025-10-06 17:10:03] [DEBUG] Server::_handle_command --> executing command
[2025-10-06 17:10:03] [DEBUG] Server::start --> event(s) detected on socket 1
[2025-10-06 17:10:03] [DEBUG] Server::_handle_client_input
[2025-10-06 17:10:03] [DEBUG] Server::_handle_client_input --> client read buffer: 
NICK second
USER userSec 0 * :text2

[2025-10-06 17:10:03] [DEBUG] Server::_handle_command --> executing command
[2025-10-06 17:10:03] [DEBUG] Server::_handle_command --> executing command
[2025-10-06 17:10:03] [DEBUG] Server::add_envents_of --> POLLOUT on index: 2
[2025-10-06 17:10:03] [DEBUG] Server::start --> event(s) detected on socket 1
[2025-10-06 17:10:03] [INFO ] Server::_handle_client_output
[2025-10-06 17:10:03] [INFO ] Server::_handle_client_output --> Client send buffer: 
421 :Command is not handled (sorry guys) CAP LS 302
:hazardous.irc.serv 001 second :Welcome to the IRC HazADoU& SerVerRrrr

[2025-10-06 17:10:03] [INFO ] Server::_handle_client_output --> Message sent, unsuscribe from POLLOUT
[2025-10-06 17:10:03] [DEBUG] Server::start --> event(s) detected on socket 1
[2025-10-06 17:10:03] [DEBUG] Server::_handle_client_input
[2025-10-06 17:10:03] [DEBUG] Server::_handle_client_input --> client read buffer: 
JOIN #chan1,#TETE

[2025-10-06 17:10:03] [DEBUG] Server::_handle_command --> executing command
[2025-10-06 17:10:03] [DEBUG] Server::add_envents_of --> POLLOUT on index: 2
[2025-10-06 17:10:03] [DEBUG] Server::add_envents_of --> POLLOUT on index: 2
[2025-10-06 17:10:03] [DEBUG] Server::add_envents_of --> POLLOUT on index: 2
[2025-10-06 17:10:03] [DEBUG] Server::add_envents_of --> POLLOUT on index: 2
[2025-10-06 17:10:03] [DEBUG] Server::add_envents_of --> POLLOUT on index: 2
[2025-10-06 17:10:03] [DEBUG] Server::add_envents_of --> POLLOUT on index: 2
[2025-10-06 17:10:03] [DEBUG] Channel::broadcast -> first received a broadcast from #TETE
[2025-10-06 17:10:03] [DEBUG] Server::add_envents_of --> POLLOUT on index: 1
[2025-10-06 17:10:03] [DEBUG] Server::add_envents_of --> POLLOUT on index: 2
[2025-10-06 17:10:03] [DEBUG] Server::add_envents_of --> POLLOUT on index: 2
[2025-10-06 17:10:03] [DEBUG] Server::add_envents_of --> POLLOUT on index: 2
[2025-10-06 17:10:03] [DEBUG] Server::start --> event(s) detected on socket 2
[2025-10-06 17:10:03] [INFO ] Server::_handle_client_output
[2025-10-06 17:10:03] [INFO ] Server::_handle_client_output --> Client send buffer: 
:second!userSec@hazardous.irc.serv JOIN :#TETE

[2025-10-06 17:10:03] [INFO ] Server::_handle_client_output --> Message sent, unsuscribe from POLLOUT
[2025-10-06 17:10:03] [INFO ] Server::_handle_client_output
[2025-10-06 17:10:03] [INFO ] Server::_handle_client_output --> Client send buffer: 
:second!userSec@hazardous.irc.serv JOIN :#chan1
:hazardous.irc.serv MODE #chan1 +o second
:hazardous.irc.serv 331 second #chan1 :No topic is set
:hazardous.irc.serv 353 second = @second  :second
:hazardous.irc.serv 366 second #chan1 :End of NAMES list
:second!userSec@hazardous.irc.serv JOIN :#TETE
:hazardous.irc.serv 331 second #TETE :No topic is set
:hazardous.irc.serv 353 second = @first second  :second
:hazardous.irc.serv 366 second #TETE :End of NAMES list

[2025-10-06 17:10:03] [INFO ] Server::_handle_client_output --> Message sent, unsuscribe from POLLOUT
[2025-10-06 17:10:03] [DEBUG] Server::start --> event(s) detected on socket 1
[2025-10-06 17:10:03] [DEBUG] Server::_handle_client_input
[2025-10-06 17:10:03] [DEBUG] Server::_handle_client_input --> client read buffer: 
MODE #chan1

[2025-10-06 17:10:05] [DEBUG] Server::start --> event(s) detected on socket 1
[2025-10-06 17:10:05] [DEBUG] Server::_handle_client_input
[2025-10-06 17:10:05] [DEBUG] Server::_handle_client_input --> client read buffer: 
MODE #TETE

[2025-10-06 17:10:06] [DEBUG] Server::start --> event(s) detected on socket 1
[2025-10-06 17:10:06] [DEBUG] Server::_handle_client_input
[2025-10-06 17:10:06] [DEBUG] Server::_handle_client_input --> client read buffer: 
PRIVMSG #TETE :hi

[2025-10-06 17:10:06] [DEBUG] Server::_handle_command --> executing command
[2025-10-06 17:10:06] [DEBUG] Channel::broadcast -> first received a broadcast from #TETE
[2025-10-06 17:10:06] [DEBUG] Server::add_envents_of --> POLLOUT on index: 1
[2025-10-06 17:10:06] [DEBUG] Server::start --> event(s) detected on socket 1
[2025-10-06 17:10:06] [INFO ] Server::_handle_client_output
[2025-10-06 17:10:06] [INFO ] Server::_handle_client_output --> Client send buffer: 
:second!userSec@hazardous.irc.serv PRIVMSG #TETE :hi

[2025-10-06 17:10:06] [INFO ] Server::_handle_client_output --> Message sent, unsuscribe from POLLOUT
[2025-10-06 17:10:11] [DEBUG] Server::start --> event(s) detected on socket 1
[2025-10-06 17:10:11] [DEBUG] Server::_handle_client_input
[2025-10-06 17:10:11] [DEBUG] Server::_handle_client_input --> client read buffer: 
PRIVMSG #TETE :hello there

[2025-10-06 17:10:11] [DEBUG] Server::_handle_command --> executing command
[2025-10-06 17:10:11] [DEBUG] Channel::broadcast -> second received a broadcast from #TETE
[2025-10-06 17:10:11] [DEBUG] Server::add_envents_of --> POLLOUT on index: 2
[2025-10-06 17:10:11] [DEBUG] Server::start --> event(s) detected on socket 1
[2025-10-06 17:10:11] [INFO ] Server::_handle_client_output
[2025-10-06 17:10:11] [INFO ] Server::_handle_client_output --> Client send buffer: 
:first!userfir@hazardous.irc.serv PRIVMSG #TETE :hello there

[2025-10-06 17:10:11] [INFO ] Server::_handle_client_output --> Message sent, unsuscribe from POLLOUT
[2025-10-06 17:10:29] [DEBUG] Server::start --> event(s) detected on socket 1
[2025-10-06 17:10:29] [DEBUG] Server::_handle_client_input
[2025-10-06 17:10:29] [DEBUG] Server::_handle_client_input --> client read buffer: 
PRIVMSG second :hi there

[2025-10-06 17:10:29] [DEBUG] Server::_handle_command --> executing command
[2025-10-06 17:10:29] [DEBUG] Server::add_envents_of --> POLLOUT on index: 2
[2025-10-06 17:10:29] [DEBUG] Server::start --> event(s) detected on socket 1
[2025-10-06 17:10:29] [INFO ] Server::_handle_client_output
[2025-10-06 17:10:29] [INFO ] Server::_handle_client_output --> Client send buffer: 
:first!userfir@hazardous.irc.serv PRIVMSG second :hi there

[2025-10-06 17:10:29] [INFO ] Server::_handle_client_output --> Message sent, unsuscribe from POLLOUT
[2025-10-06 17:10:29] [DEBUG] Server::start --> event(s) detected on socket 1
[2025-10-06 17:10:29] [DEBUG] Server::_handle_client_input
[2025-10-06 17:10:29] [DEBUG] Server::_handle_client_input --> client read buffer: 
ISON first

[2025-10-06 17:10:29] [DEBUG] Server::add_envents_of --> POLLOUT on index: 1
[2025-10-06 17:10:29] [DEBUG] Server::start --> event(s) detected on socket 1
[2025-10-06 17:10:29] [INFO ] Server::_handle_client_output
[2025-10-06 17:10:29] [INFO ] Server::_handle_client_output --> Client send buffer: 
421 :Command is not handled (sorry guys) ISON first

[2025-10-06 17:10:29] [INFO ] Server::_handle_client_output --> Message sent, unsuscribe from POLLOUT
[2025-10-06 17:10:42] [DEBUG] Server::start --> event(s) detected on socket 1
[2025-10-06 17:10:42] [DEBUG] Server::_handle_client_input
[2025-10-06 17:10:42] [DEBUG] Server::_handle_client_input --> client read buffer: 
PRIVMSG secon :hi there

[2025-10-06 17:10:42] [DEBUG] Server::add_envents_of --> POLLOUT on index: 1
[2025-10-06 17:10:42] [DEBUG] Server::start --> event(s) detected on socket 1
[2025-10-06 17:10:42] [INFO ] Server::_handle_client_output
[2025-10-06 17:10:42] [INFO ] Server::_handle_client_output --> Client send buffer: 
:hazardous.irc.serv 401  first secon :No such nickname (imaginary friend issue)

[2025-10-06 17:10:42] [INFO ] Server::_handle_client_output --> Message sent, unsuscribe from POLLOUT
[2025-10-06 17:10:43] [DEBUG] Server::start --> event(s) detected on socket 1
[2025-10-06 17:10:43] [DEBUG] Server::_handle_client_input
[2025-10-06 17:10:43] [DEBUG] Server::_handle_client_input --> client read buffer: 
ISON first third

[2025-10-06 17:10:43] [DEBUG] Server::add_envents_of --> POLLOUT on index: 2
[2025-10-06 17:10:43] [DEBUG] Server::start --> event(s) detected on socket 1
[2025-10-06 17:10:43] [INFO ] Server::_handle_client_output
[2025-10-06 17:10:43] [INFO ] Server::_handle_client_output --> Client send buffer: 
421 :Command is not handled (sorry guys) ISON first third

[2025-10-06 17:10:43] [INFO ] Server::_handle_client_output --> Message sent, unsuscribe from POLLOUT
[2025-10-06 17:10:59] [DEBUG] Server::start --> event(s) detected on socket 1
[2025-10-06 17:10:59] [DEBUG] Server::_handle_client_input
[2025-10-06 17:10:59] [DEBUG] Server::_handle_client_input --> client read buffer: 
ISON first

[2025-10-06 17:10:59] [DEBUG] Server::add_envents_of --> POLLOUT on index: 1
[2025-10-06 17:10:59] [DEBUG] Server::start --> event(s) detected on socket 1
[2025-10-06 17:10:59] [INFO ] Server::_handle_client_output
[2025-10-06 17:10:59] [INFO ] Server::_handle_client_output --> Client send buffer: 
421 :Command is not handled (sorry guys) ISON first

[2025-10-06 17:10:59] [INFO ] Server::_handle_client_output --> Message sent, unsuscribe from POLLOUT
[2025-10-06 17:11:13] [DEBUG] Server::start --> event(s) detected on socket 1
[2025-10-06 17:11:13] [DEBUG] Server::_handle_client_input
[2025-10-06 17:11:13] [DEBUG] Server::_handle_client_input --> client read buffer: 
ISON first third

[2025-10-06 17:11:13] [DEBUG] Server::add_envents_of --> POLLOUT on index: 2
[2025-10-06 17:11:13] [DEBUG] Server::start --> event(s) detected on socket 1
[2025-10-06 17:11:13] [INFO ] Server::_handle_client_output
[2025-10-06 17:11:13] [INFO ] Server::_handle_client_output --> Client send buffer: 
421 :Command is not handled (sorry guys) ISON first third

[2025-10-06 17:11:13] [INFO ] Server::_handle_client_output --> Message sent, unsuscribe from POLLOUT
[2025-10-06 17:11:29] [DEBUG] Server::start --> event(s) detected on socket 1
[2025-10-06 17:11:29] [DEBUG] Server::_handle_client_input
[2025-10-06 17:11:29] [DEBUG] Server::_handle_client_input --> client read buffer: 
ISON first

[2025-10-06 17:11:29] [DEBUG] Server::add_envents_of --> POLLOUT on index: 1
[2025-10-06 17:11:29] [DEBUG] Server::start --> event(s) detected on socket 1
[2025-10-06 17:11:29] [INFO ] Server::_handle_client_output
[2025-10-06 17:11:29] [INFO ] Server::_handle_client_output --> Client send buffer: 
421 :Command is not handled (sorry guys) ISON first

[2025-10-06 17:11:29] [INFO ] Server::_handle_client_output --> Message sent, unsuscribe from POLLOUT
[2025-10-06 17:11:43] [DEBUG] Server::start --> event(s) detected on socket 1
[2025-10-06 17:11:43] [DEBUG] Server::_handle_client_input
[2025-10-06 17:11:43] [DEBUG] Server::_handle_client_input --> client read buffer: 
ISON first third

[2025-10-06 17:11:43] [DEBUG] Server::add_envents_of --> POLLOUT on index: 2
[2025-10-06 17:11:43] [DEBUG] Server::start --> event(s) detected on socket 1
[2025-10-06 17:11:43] [INFO ] Server::_handle_client_output
[2025-10-06 17:11:43] [INFO ] Server::_handle_client_output --> Client send buffer: 
421 :Command is not handled (sorry guys) ISON first third

[2025-10-06 17:11:43] [INFO ] Server::_handle_client_output --> Message sent, unsuscribe from POLLOUT
[2025-10-06 17:11:59] [DEBUG] Server::start --> event(s) detected on socket 1
[2025-10-06 17:11:59] [DEBUG] Server::_handle_client_input
[2025-10-06 17:11:59] [DEBUG] Server::_handle_client_input --> client read buffer: 
ISON first
WHO #TETE

[2025-10-06 17:11:59] [DEBUG] Server::add_envents_of --> POLLOUT on index: 1
[2025-10-06 17:11:59] [DEBUG] Server::_handle_command --> executing command
[2025-10-06 17:11:59] [DEBUG] Server::add_envents_of --> POLLOUT on index: 1
[2025-10-06 17:11:59] [DEBUG] Server::add_envents_of --> POLLOUT on index: 1
[2025-10-06 17:11:59] [DEBUG] Server::add_envents_of --> POLLOUT on index: 1
[2025-10-06 17:11:59] [DEBUG] Server::start --> event(s) detected on socket 1
[2025-10-06 17:11:59] [INFO ] Server::_handle_client_output
[2025-10-06 17:11:59] [INFO ] Server::_handle_client_output --> Client send buffer: 
421 :Command is not handled (sorry guys) ISON first
:hazardous.irc.serv 352 first #TETE userfir userfir@hazardous.irc.serv hazardous.irc.serv first H@ :0 :text1
:hazardous.irc.serv 352 second #TETE userSec userSec@hazardous.irc.serv hazardous.irc.serv second H :0 :text2
:hazardous.irc.serv 315 #TETE :End of WHO list

[2025-10-06 17:11:59] [INFO ] Server::_handle_client_output --> Message sent, unsuscribe from POLLOUT
[2025-10-06 17:12:19] [DEBUG] Server::start --> event(s) detected on socket 1
[2025-10-06 17:12:19] [DEBUG] Server::_handle_client_input
[2025-10-06 17:12:19] [DEBUG] Server::_handle_client_input --> client read buffer: 
ISON first third
WHO #TETE

[2025-10-06 17:12:19] [DEBUG] Server::add_envents_of --> POLLOUT on index: 2
[2025-10-06 17:12:19] [DEBUG] Server::_handle_command --> executing command
[2025-10-06 17:12:19] [DEBUG] Server::add_envents_of --> POLLOUT on index: 2
[2025-10-06 17:12:19] [DEBUG] Server::add_envents_of --> POLLOUT on index: 2
[2025-10-06 17:12:19] [DEBUG] Server::add_envents_of --> POLLOUT on index: 2
[2025-10-06 17:12:19] [DEBUG] Server::start --> event(s) detected on socket 1
[2025-10-06 17:12:19] [DEBUG] Server::_handle_client_input
[2025-10-06 17:12:19] [DEBUG] Server::_handle_client_input --> client read buffer: 
WHO #chan1

[2025-10-06 17:12:19] [DEBUG] Server::_handle_command --> executing command
[2025-10-06 17:12:19] [DEBUG] Server::add_envents_of --> POLLOUT on index: 2
[2025-10-06 17:12:19] [DEBUG] Server::add_envents_of --> POLLOUT on index: 2
[2025-10-06 17:12:19] [DEBUG] Server::start --> event(s) detected on socket 1
[2025-10-06 17:12:19] [INFO ] Server::_handle_client_output
[2025-10-06 17:12:19] [INFO ] Server::_handle_client_output --> Client send buffer: 
421 :Command is not handled (sorry guys) ISON first third
:hazardous.irc.serv 352 first #TETE userfir userfir@hazardous.irc.serv hazardous.irc.serv first H@ :0 :text1
:hazardous.irc.serv 352 second #TETE userSec userSec@hazardous.irc.serv hazardous.irc.serv second H :0 :text2
:hazardous.irc.serv 315 #TETE :End of WHO list
:hazardous.irc.serv 352 second #chan1 userSec userSec@hazardous.irc.serv hazardous.irc.serv second H@ :0 :text2
:hazardous.irc.serv 315 #chan1 :End of WHO list

[2025-10-06 17:12:19] [INFO ] Server::_handle_client_output --> Message sent, unsuscribe from POLLOUT
[2025-10-06 17:12:31] [DEBUG] Server::start --> event(s) detected on socket 1
[2025-10-06 17:12:31] [DEBUG] Server::_handle_client_input
[2025-10-06 17:12:31] [DEBUG] Server::_handle_client_input --> client read buffer: 
ISON first

[2025-10-06 17:12:31] [DEBUG] Server::add_envents_of --> POLLOUT on index: 1
[2025-10-06 17:12:31] [DEBUG] Server::start --> event(s) detected on socket 1
[2025-10-06 17:12:31] [INFO ] Server::_handle_client_output
[2025-10-06 17:12:31] [INFO ] Server::_handle_client_output --> Client send buffer: 
421 :Command is not handled (sorry guys) ISON first

[2025-10-06 17:12:31] [INFO ] Server::_handle_client_output --> Message sent, unsuscribe from POLLOUT
[2025-10-06 17:12:43] [DEBUG] Server::start --> event(s) detected on socket 1
[2025-10-06 17:12:43] [DEBUG] Server::_handle_client_input
[2025-10-06 17:12:43] [DEBUG] Server::_handle_client_input --> client read buffer: 
ISON first third

[2025-10-06 17:12:43] [DEBUG] Server::add_envents_of --> POLLOUT on index: 2
[2025-10-06 17:12:43] [DEBUG] Server::start --> event(s) detected on socket 1
[2025-10-06 17:12:43] [INFO ] Server::_handle_client_output
[2025-10-06 17:12:43] [INFO ] Server::_handle_client_output --> Client send buffer: 
421 :Command is not handled (sorry guys) ISON first third

[2025-10-06 17:12:43] [INFO ] Server::_handle_client_output --> Message sent, unsuscribe from POLLOUT
[2025-10-06 17:12:59] [DEBUG] Server::start --> event(s) detected on socket 1
[2025-10-06 17:12:59] [DEBUG] Server::_handle_client_input
[2025-10-06 17:12:59] [DEBUG] Server::_handle_client_input --> client read buffer: 
ISON first

[2025-10-06 17:12:59] [DEBUG] Server::add_envents_of --> POLLOUT on index: 1
[2025-10-06 17:12:59] [DEBUG] Server::start --> event(s) detected on socket 1
[2025-10-06 17:12:59] [INFO ] Server::_handle_client_output
[2025-10-06 17:12:59] [INFO ] Server::_handle_client_output --> Client send buffer: 
421 :Command is not handled (sorry guys) ISON first

[2025-10-06 17:12:59] [INFO ] Server::_handle_client_output --> Message sent, unsuscribe from POLLOUT
[2025-10-06 17:13:13] [DEBUG] Server::start --> event(s) detected on socket 1
[2025-10-06 17:13:13] [DEBUG] Server::_handle_client_input
[2025-10-06 17:13:13] [DEBUG] Server::_handle_client_input --> client read buffer: 
ISON first third

[2025-10-06 17:13:13] [DEBUG] Server::add_envents_of --> POLLOUT on index: 2
[2025-10-06 17:13:13] [DEBUG] Server::start --> event(s) detected on socket 1
[2025-10-06 17:13:13] [INFO ] Server::_handle_client_output
[2025-10-06 17:13:13] [INFO ] Server::_handle_client_output --> Client send buffer: 
421 :Command is not handled (sorry guys) ISON first third

[2025-10-06 17:13:13] [INFO ] Server::_handle_client_output --> Message sent, unsuscribe from POLLOUT
[2025-10-06 17:13:14] [ERROR] Poll failed: Interrupted system call
[2025-10-06 17:13:14] [DEBUG] cleaning 2 clients
[2025-10-06 17:13:14] [DEBUG] cleanup: deleting client
[2025-10-06 17:13:14] [DEBUG] cleanup: deleting client
[2025-10-06 17:13:14] [DEBUG] cleaning 2 channels
[2025-10-06 17:13:14] [DEBUG] Server cleaned and ready for reuse
[2025-10-06 17:13:14] [DEBUG] Server destructor
[2025-10-06 17:13:14] [DEBUG] cleaning 0 clients
[2025-10-06 17:13:14] [DEBUG] cleaning 0 channels
[2025-10-06 17:13:14] [DEBUG] Server cleaned and ready for reuse
[2025-10-06 17:13:14] [INFO ] SERVER Logger shutting down
[2025-10-06 17:14:42] [INFO ] SERVER Logger initialized - file: logs/SERVER.log
[2025-10-06 17:14:42] [INFO ] Server hazardous.irc.serv start at port :2222
[2025-10-06 17:14:46] [DEBUG] Server::start --> event(s) detected on socket 1
[2025-10-06 17:14:46] [DEBUG] Server::start --> event(s) detected on socket 1
[2025-10-06 17:14:46] [DEBUG] Server::_handle_client_input
[2025-10-06 17:14:46] [DEBUG] Server::_handle_client_input --> client read buffer: 
CAP LS 302

[2025-10-06 17:14:46] [DEBUG] Server::add_envents_of --> POLLOUT on index: 1
[2025-10-06 17:14:46] [DEBUG] Server::start --> event(s) detected on socket 1
[2025-10-06 17:14:46] [DEBUG] Server::_handle_client_input
[2025-10-06 17:14:46] [DEBUG] Server::_handle_client_input --> client read buffer: 
PASS nilpolack
NICK first
USER userfir 0 * :text1

[2025-10-06 17:14:46] [DEBUG] Server::_handle_command --> executing command
[2025-10-06 17:14:46] [DEBUG] Server::_handle_command --> executing command
[2025-10-06 17:14:46] [DEBUG] Server::_handle_command --> executing command
[2025-10-06 17:14:46] [DEBUG] Server::add_envents_of --> POLLOUT on index: 1
[2025-10-06 17:14:46] [DEBUG] Server::start --> event(s) detected on socket 1
[2025-10-06 17:14:46] [INFO ] Server::_handle_client_output
[2025-10-06 17:14:46] [INFO ] Server::_handle_client_output --> Client send buffer: 
421 :Command is not handled (sorry guys) CAP LS 302
:hazardous.irc.serv 001 first :Welcome to the IRC HazADoU& SerVerRrrr

[2025-10-06 17:14:46] [INFO ] Server::_handle_client_output --> Message sent, unsuscribe from POLLOUT
[2025-10-06 17:14:46] [DEBUG] Server::start --> event(s) detected on socket 1
[2025-10-06 17:14:46] [DEBUG] Server::_handle_client_input
[2025-10-06 17:14:46] [DEBUG] Server::_handle_client_input --> client read buffer: 
JOIN #TETE

[2025-10-06 17:14:46] [DEBUG] Server::_handle_command --> executing command
[2025-10-06 17:14:46] [DEBUG] Server::add_envents_of --> POLLOUT on index: 1
[2025-10-06 17:14:46] [DEBUG] Server::add_envents_of --> POLLOUT on index: 1
[2025-10-06 17:14:46] [DEBUG] Server::add_envents_of --> POLLOUT on index: 1
[2025-10-06 17:14:46] [DEBUG] Server::add_envents_of --> POLLOUT on index: 1
[2025-10-06 17:14:46] [DEBUG] Server::add_envents_of --> POLLOUT on index: 1
[2025-10-06 17:14:46] [DEBUG] Server::start --> event(s) detected on socket 1
[2025-10-06 17:14:46] [INFO ] Server::_handle_client_output
[2025-10-06 17:14:46] [INFO ] Server::_handle_client_output --> Client send buffer: 
:first!userfir@hazardous.irc.serv JOIN :#TETE
:hazardous.irc.serv MODE #TETE +o first
:hazardous.irc.serv 331 first #TETE :No topic is set
:hazardous.irc.serv 353 first = @first  :first
:hazardous.irc.serv 366 first #TETE :End of NAMES list

[2025-10-06 17:14:46] [INFO ] Server::_handle_client_output --> Message sent, unsuscribe from POLLOUT
[2025-10-06 17:14:46] [DEBUG] Server::start --> event(s) detected on socket 1
[2025-10-06 17:14:46] [DEBUG] Server::_handle_client_input
[2025-10-06 17:14:46] [DEBUG] Server::_handle_client_input --> client read buffer: 
MODE #TETE

[2025-10-06 17:15:26] [DEBUG] Server::start --> event(s) detected on socket 1
[2025-10-06 17:15:26] [DEBUG] Server::_handle_client_input
[2025-10-06 17:15:26] [DEBUG] Server::_handle_client_input --> client read buffer: 
ISON first

[2025-10-06 17:15:26] [DEBUG] Server::add_envents_of --> POLLOUT on index: 1
[2025-10-06 17:15:26] [DEBUG] Server::start --> event(s) detected on socket 1
[2025-10-06 17:15:26] [INFO ] Server::_handle_client_output
[2025-10-06 17:15:26] [INFO ] Server::_handle_client_output --> Client send buffer: 
421 :Command is not handled (sorry guys) ISON first

[2025-10-06 17:15:26] [INFO ] Server::_handle_client_output --> Message sent, unsuscribe from POLLOUT
[2025-10-06 17:15:56] [DEBUG] Server::start --> event(s) detected on socket 1
[2025-10-06 17:15:56] [DEBUG] Server::_handle_client_input
[2025-10-06 17:15:56] [DEBUG] Server::_handle_client_input --> client read buffer: 
ISON first

[2025-10-06 17:15:56] [DEBUG] Server::add_envents_of --> POLLOUT on index: 1
[2025-10-06 17:15:56] [DEBUG] Server::start --> event(s) detected on socket 1
[2025-10-06 17:15:56] [INFO ] Server::_handle_client_output
[2025-10-06 17:15:56] [INFO ] Server::_handle_client_output --> Client send buffer: 
421 :Command is not handled (sorry guys) ISON first

[2025-10-06 17:15:56] [INFO ] Server::_handle_client_output --> Message sent, unsuscribe from POLLOUT
[2025-10-06 17:16:26] [DEBUG] Server::start --> event(s) detected on socket 1
[2025-10-06 17:16:26] [DEBUG] Server::_handle_client_input
[2025-10-06 17:16:26] [DEBUG] Server::_handle_client_input --> client read buffer: 
ISON first

[2025-10-06 17:16:26] [DEBUG] Server::add_envents_of --> POLLOUT on index: 1
[2025-10-06 17:16:26] [DEBUG] Server::start --> event(s) detected on socket 1
[2025-10-06 17:16:26] [INFO ] Server::_handle_client_output
[2025-10-06 17:16:26] [INFO ] Server::_handle_client_output --> Client send buffer: 
421 :Command is not handled (sorry guys) ISON first

[2025-10-06 17:16:26] [INFO ] Server::_handle_client_output --> Message sent, unsuscribe from POLLOUT
[2025-10-06 17:16:56] [DEBUG] Server::start --> event(s) detected on socket 1
[2025-10-06 17:16:56] [DEBUG] Server::_handle_client_input
[2025-10-06 17:16:56] [DEBUG] Server::_handle_client_input --> client read buffer: 
ISON first
WHO #TETE

[2025-10-06 17:16:56] [DEBUG] Server::add_envents_of --> POLLOUT on index: 1
[2025-10-06 17:16:56] [DEBUG] Server::_handle_command --> executing command
[2025-10-06 17:16:56] [DEBUG] Server::add_envents_of --> POLLOUT on index: 1
[2025-10-06 17:16:56] [DEBUG] Server::add_envents_of --> POLLOUT on index: 1
[2025-10-06 17:16:56] [DEBUG] Server::start --> event(s) detected on socket 1
[2025-10-06 17:16:56] [INFO ] Server::_handle_client_output
[2025-10-06 17:16:56] [INFO ] Server::_handle_client_output --> Client send buffer: 
421 :Command is not handled (sorry guys) ISON first
:hazardous.irc.serv 352 first #TETE userfir userfir@hazardous.irc.serv hazardous.irc.serv first H@ :0 :text1
:hazardous.irc.serv 315 #TETE :End of WHO list

[2025-10-06 17:16:56] [INFO ] Server::_handle_client_output --> Message sent, unsuscribe from POLLOUT
[2025-10-06 17:17:26] [DEBUG] Server::start --> event(s) detected on socket 1
[2025-10-06 17:17:26] [DEBUG] Server::_handle_client_input
[2025-10-06 17:17:26] [DEBUG] Server::_handle_client_input --> client read buffer: 
ISON first

[2025-10-06 17:17:26] [DEBUG] Server::add_envents_of --> POLLOUT on index: 1
[2025-10-06 17:17:26] [DEBUG] Server::start --> event(s) detected on socket 1
[2025-10-06 17:17:26] [INFO ] Server::_handle_client_output
[2025-10-06 17:17:26] [INFO ] Server::_handle_client_output --> Client send buffer: 
421 :Command is not handled (sorry guys) ISON first

[2025-10-06 17:17:26] [INFO ] Server::_handle_client_output --> Message sent, unsuscribe from POLLOUT
[2025-10-06 17:17:49] [ERROR] Poll failed: Interrupted system call
[2025-10-06 17:17:49] [DEBUG] cleaning 1 clients
[2025-10-06 17:17:49] [DEBUG] cleanup: deleting client
[2025-10-06 17:17:49] [DEBUG] cleaning 1 channels
[2025-10-06 17:17:49] [DEBUG] Server cleaned and ready for reuse
[2025-10-06 17:17:49] [DEBUG] Server destructor
[2025-10-06 17:17:49] [DEBUG] cleaning 0 clients
[2025-10-06 17:17:49] [DEBUG] cleaning 0 channels
[2025-10-06 17:17:49] [DEBUG] Server cleaned and ready for reuse
[2025-10-06 17:17:49] [INFO ] SERVER Logger shutting down
